2018-11-29 20:00:00,267 - Log4JLogChute initialized using file 'velocity.log'
2018-11-29 20:00:00,268 - Initializing Velocity, Calling init()...
2018-11-29 20:00:00,269 - Starting Apache Velocity v1.7 (compiled: 2010-11-19 12:14:37)
2018-11-29 20:00:00,269 - Default Properties File: org/apache/velocity/runtime/defaults/velocity.properties
2018-11-29 20:00:00,269 - Trying to use logger class org.apache.velocity.runtime.log.AvalonLogChute
2018-11-29 20:00:00,269 - Target log system for org.apache.velocity.runtime.log.AvalonLogChute is not available (java.lang.NoClassDefFoundError: org/apache/log/format/Formatter).  Falling back to next log system...
2018-11-29 20:00:00,269 - Trying to use logger class org.apache.velocity.runtime.log.Log4JLogChute
2018-11-29 20:00:00,269 - Using logger class org.apache.velocity.runtime.log.Log4JLogChute
2018-11-29 20:00:00,290 - ResourceLoader instantiated: org.apache.velocity.runtime.resource.loader.ClasspathResourceLoader
2018-11-29 20:00:00,344 - ResourceCache: initialized (class org.apache.velocity.runtime.resource.ResourceCacheImpl) with class java.util.Collections$SynchronizedMap cache map.
2018-11-29 20:00:00,350 - Loaded System Directive: org.apache.velocity.runtime.directive.Stop
2018-11-29 20:00:00,354 - Loaded System Directive: org.apache.velocity.runtime.directive.Define
2018-11-29 20:00:00,357 - Loaded System Directive: org.apache.velocity.runtime.directive.Break
2018-11-29 20:00:00,359 - Loaded System Directive: org.apache.velocity.runtime.directive.Evaluate
2018-11-29 20:00:00,361 - Loaded System Directive: org.apache.velocity.runtime.directive.Literal
2018-11-29 20:00:00,366 - Loaded System Directive: org.apache.velocity.runtime.directive.Macro
2018-11-29 20:00:00,372 - Loaded System Directive: org.apache.velocity.runtime.directive.Parse
2018-11-29 20:00:00,377 - Loaded System Directive: org.apache.velocity.runtime.directive.Include
2018-11-29 20:00:00,382 - Loaded System Directive: org.apache.velocity.runtime.directive.Foreach
2018-11-29 20:00:00,476 - Created '20' parsers.
2018-11-29 20:00:00,512 - Velocimacro : "velocimacro.library" is not set.  Trying default library: VM_global_library.vm
2018-11-29 20:00:00,520 - Could not load resource 'VM_global_library.vm' from ResourceLoader org.apache.velocity.runtime.resource.loader.ClasspathResourceLoader: ClasspathResourceLoader Error: cannot find resource VM_global_library.vm
2018-11-29 20:00:00,520 - Velocimacro : Default library not found.
2018-11-29 20:00:00,520 - Velocimacro : allowInline = true : VMs can be defined inline in templates
2018-11-29 20:00:00,520 - Velocimacro : allowInlineToOverride = false : VMs defined inline may NOT replace previous VM definitions
2018-11-29 20:00:00,520 - Velocimacro : allowInlineLocal = false : VMs defined inline will be global in scope if allowed.
2018-11-29 20:00:00,520 - Velocimacro : autoload off : VM system will not automatically reload global library macros
2018-11-29 20:00:00,583 - ResourceManager : found /velocity/optionsResponse.vm with loader org.apache.velocity.runtime.resource.loader.ClasspathResourceLoader
2018-12-09 20:59:36,674 - Log4JLogChute initialized using file 'velocity.log'
2018-12-09 20:59:36,707 - Initializing Velocity, Calling init()...
2018-12-09 20:59:36,707 - Starting Apache Velocity v1.7 (compiled: 2010-11-19 12:14:37)
2018-12-09 20:59:36,707 - Default Properties File: org/apache/velocity/runtime/defaults/velocity.properties
2018-12-09 20:59:36,707 - Trying to use logger class org.apache.velocity.runtime.log.AvalonLogChute
2018-12-09 20:59:36,707 - Target log system for org.apache.velocity.runtime.log.AvalonLogChute is not available (java.lang.NoClassDefFoundError: org/apache/log/format/Formatter).  Falling back to next log system...
2018-12-09 20:59:36,707 - Trying to use logger class org.apache.velocity.runtime.log.Log4JLogChute
2018-12-09 20:59:36,707 - Using logger class org.apache.velocity.runtime.log.Log4JLogChute
2018-12-09 20:59:36,727 - ResourceLoader instantiated: org.apache.velocity.runtime.resource.loader.ClasspathResourceLoader
2018-12-09 20:59:36,775 - ResourceCache: initialized (class org.apache.velocity.runtime.resource.ResourceCacheImpl) with class java.util.Collections$SynchronizedMap cache map.
2018-12-09 20:59:36,779 - Loaded System Directive: org.apache.velocity.runtime.directive.Stop
2018-12-09 20:59:36,785 - Loaded System Directive: org.apache.velocity.runtime.directive.Define
2018-12-09 20:59:36,787 - Loaded System Directive: org.apache.velocity.runtime.directive.Break
2018-12-09 20:59:36,789 - Loaded System Directive: org.apache.velocity.runtime.directive.Evaluate
2018-12-09 20:59:36,790 - Loaded System Directive: org.apache.velocity.runtime.directive.Literal
2018-12-09 20:59:36,801 - Loaded System Directive: org.apache.velocity.runtime.directive.Macro
2018-12-09 20:59:36,804 - Loaded System Directive: org.apache.velocity.runtime.directive.Parse
2018-12-09 20:59:36,810 - Loaded System Directive: org.apache.velocity.runtime.directive.Include
2018-12-09 20:59:36,813 - Loaded System Directive: org.apache.velocity.runtime.directive.Foreach
2018-12-09 20:59:36,931 - Created '20' parsers.
2018-12-09 20:59:36,960 - Velocimacro : "velocimacro.library" is not set.  Trying default library: VM_global_library.vm
2018-12-09 20:59:36,962 - Could not load resource 'VM_global_library.vm' from ResourceLoader org.apache.velocity.runtime.resource.loader.ClasspathResourceLoader: ClasspathResourceLoader Error: cannot find resource VM_global_library.vm
2018-12-09 20:59:36,962 - Velocimacro : Default library not found.
2018-12-09 20:59:36,962 - Velocimacro : allowInline = true : VMs can be defined inline in templates
2018-12-09 20:59:36,962 - Velocimacro : allowInlineToOverride = false : VMs defined inline may NOT replace previous VM definitions
2018-12-09 20:59:36,962 - Velocimacro : allowInlineLocal = false : VMs defined inline will be global in scope if allowed.
2018-12-09 20:59:36,962 - Velocimacro : autoload off : VM system will not automatically reload global library macros
2018-12-09 20:59:37,030 - ResourceManager : found /velocity/optionsResponse.vm with loader org.apache.velocity.runtime.resource.loader.ClasspathResourceLoader
2018-12-09 21:00:22,192 - ResourceManager : found /velocity/optionsResponse.vm with loader org.apache.velocity.runtime.resource.loader.ClasspathResourceLoader
2018-12-09 21:00:27,505 - ResourceManager : found /velocity/optionsResponse.vm with loader org.apache.velocity.runtime.resource.loader.ClasspathResourceLoader
2018-12-09 21:01:26,723 - ResourceManager : found /velocity/optionsResponse.vm with loader org.apache.velocity.runtime.resource.loader.ClasspathResourceLoader
2018-12-09 21:03:29,682 - ResourceManager : found /velocity/optionsResponse.vm with loader org.apache.velocity.runtime.resource.loader.ClasspathResourceLoader
2018-12-09 21:03:43,264 - Log4JLogChute initialized using file 'velocity.log'
2018-12-09 21:03:43,264 - Initializing Velocity, Calling init()...
2018-12-09 21:03:43,264 - Starting Apache Velocity v1.7 (compiled: 2010-11-19 12:14:37)
2018-12-09 21:03:43,264 - Default Properties File: org/apache/velocity/runtime/defaults/velocity.properties
2018-12-09 21:03:43,264 - Trying to use logger class org.apache.velocity.runtime.log.AvalonLogChute
2018-12-09 21:03:43,264 - Target log system for org.apache.velocity.runtime.log.AvalonLogChute is not available (java.lang.NoClassDefFoundError: org/apache/log/format/Formatter).  Falling back to next log system...
2018-12-09 21:03:43,264 - Trying to use logger class org.apache.velocity.runtime.log.Log4JLogChute
2018-12-09 21:03:43,264 - Using logger class org.apache.velocity.runtime.log.Log4JLogChute
2018-12-09 21:03:43,274 - ResourceLoader instantiated: org.apache.velocity.runtime.resource.loader.ClasspathResourceLoader
2018-12-09 21:03:43,306 - ResourceCache: initialized (class org.apache.velocity.runtime.resource.ResourceCacheImpl) with class java.util.Collections$SynchronizedMap cache map.
2018-12-09 21:03:43,310 - Loaded System Directive: org.apache.velocity.runtime.directive.Stop
2018-12-09 21:03:43,314 - Loaded System Directive: org.apache.velocity.runtime.directive.Define
2018-12-09 21:03:43,316 - Loaded System Directive: org.apache.velocity.runtime.directive.Break
2018-12-09 21:03:43,319 - Loaded System Directive: org.apache.velocity.runtime.directive.Evaluate
2018-12-09 21:03:43,320 - Loaded System Directive: org.apache.velocity.runtime.directive.Literal
2018-12-09 21:03:43,325 - Loaded System Directive: org.apache.velocity.runtime.directive.Macro
2018-12-09 21:03:43,329 - Loaded System Directive: org.apache.velocity.runtime.directive.Parse
2018-12-09 21:03:43,333 - Loaded System Directive: org.apache.velocity.runtime.directive.Include
2018-12-09 21:03:43,336 - Loaded System Directive: org.apache.velocity.runtime.directive.Foreach
2018-12-09 21:03:43,411 - Created '20' parsers.
2018-12-09 21:03:43,428 - Velocimacro : "velocimacro.library" is not set.  Trying default library: VM_global_library.vm
2018-12-09 21:03:43,430 - Could not load resource 'VM_global_library.vm' from ResourceLoader org.apache.velocity.runtime.resource.loader.ClasspathResourceLoader: ClasspathResourceLoader Error: cannot find resource VM_global_library.vm
2018-12-09 21:03:43,430 - Velocimacro : Default library not found.
2018-12-09 21:03:43,430 - Velocimacro : allowInline = true : VMs can be defined inline in templates
2018-12-09 21:03:43,430 - Velocimacro : allowInlineToOverride = false : VMs defined inline may NOT replace previous VM definitions
2018-12-09 21:03:43,430 - Velocimacro : allowInlineLocal = false : VMs defined inline will be global in scope if allowed.
2018-12-09 21:03:43,431 - Velocimacro : autoload off : VM system will not automatically reload global library macros
2018-12-09 21:03:43,458 - ResourceManager : found /velocity/optionsResponse.vm with loader org.apache.velocity.runtime.resource.loader.ClasspathResourceLoader
2019-02-09 12:24:41,630 - Log4JLogChute initialized using file 'velocity.log'
2019-02-09 12:24:41,633 - Initializing Velocity, Calling init()...
2019-02-09 12:24:41,633 - Starting Apache Velocity v1.7 (compiled: 2010-11-19 12:14:37)
2019-02-09 12:24:41,633 - Default Properties File: org/apache/velocity/runtime/defaults/velocity.properties
2019-02-09 12:24:41,633 - Trying to use logger class org.apache.velocity.runtime.log.AvalonLogChute
2019-02-09 12:24:41,633 - Target log system for org.apache.velocity.runtime.log.AvalonLogChute is not available (java.lang.NoClassDefFoundError: org/apache/log/format/Formatter).  Falling back to next log system...
2019-02-09 12:24:41,633 - Trying to use logger class org.apache.velocity.runtime.log.Log4JLogChute
2019-02-09 12:24:41,633 - Using logger class org.apache.velocity.runtime.log.Log4JLogChute
2019-02-09 12:24:41,641 - ResourceLoader instantiated: org.apache.velocity.runtime.resource.loader.ClasspathResourceLoader
2019-02-09 12:24:41,665 - ResourceCache: initialized (class org.apache.velocity.runtime.resource.ResourceCacheImpl) with class java.util.Collections$SynchronizedMap cache map.
2019-02-09 12:24:41,667 - Loaded System Directive: org.apache.velocity.runtime.directive.Stop
2019-02-09 12:24:41,669 - Loaded System Directive: org.apache.velocity.runtime.directive.Define
2019-02-09 12:24:41,670 - Loaded System Directive: org.apache.velocity.runtime.directive.Break
2019-02-09 12:24:41,672 - Loaded System Directive: org.apache.velocity.runtime.directive.Evaluate
2019-02-09 12:24:41,673 - Loaded System Directive: org.apache.velocity.runtime.directive.Literal
2019-02-09 12:24:41,675 - Loaded System Directive: org.apache.velocity.runtime.directive.Macro
2019-02-09 12:24:41,678 - Loaded System Directive: org.apache.velocity.runtime.directive.Parse
2019-02-09 12:24:41,680 - Loaded System Directive: org.apache.velocity.runtime.directive.Include
2019-02-09 12:24:41,685 - Loaded System Directive: org.apache.velocity.runtime.directive.Foreach
2019-02-09 12:24:41,725 - Created '20' parsers.
2019-02-09 12:24:41,738 - Velocimacro : "velocimacro.library" is not set.  Trying default library: VM_global_library.vm
2019-02-09 12:24:41,741 - Could not load resource 'VM_global_library.vm' from ResourceLoader org.apache.velocity.runtime.resource.loader.ClasspathResourceLoader: ClasspathResourceLoader Error: cannot find resource VM_global_library.vm
2019-02-09 12:24:41,741 - Velocimacro : Default library not found.
2019-02-09 12:24:41,741 - Velocimacro : allowInline = true : VMs can be defined inline in templates
2019-02-09 12:24:41,741 - Velocimacro : allowInlineToOverride = false : VMs defined inline may NOT replace previous VM definitions
2019-02-09 12:24:41,741 - Velocimacro : allowInlineLocal = false : VMs defined inline will be global in scope if allowed.
2019-02-09 12:24:41,741 - Velocimacro : autoload off : VM system will not automatically reload global library macros
2019-02-09 12:24:41,768 - ResourceManager : found /velocity/optionsResponse.vm with loader org.apache.velocity.runtime.resource.loader.ClasspathResourceLoader
2019-02-09 12:24:46,263 - ResourceManager : found /velocity/optionsResponse.vm with loader org.apache.velocity.runtime.resource.loader.ClasspathResourceLoader
2019-02-09 12:26:03,566 - ResourceManager : found /velocity/optionsResponse.vm with loader org.apache.velocity.runtime.resource.loader.ClasspathResourceLoader
2019-02-09 13:24:58,755 - ResourceManager : found /velocity/optionsResponse.vm with loader org.apache.velocity.runtime.resource.loader.ClasspathResourceLoader
2019-02-09 13:24:59,930 - ResourceManager : found /velocity/optionsResponse.vm with loader org.apache.velocity.runtime.resource.loader.ClasspathResourceLoader
